<?xml version="1.0" encoding="UTF-8"?>
<!-- Generated by org.testng.reporters.JUnitReportReporter -->
<testsuite skipped="0" hostname="Jonathans-MBP-2.maine.rr.com" name="breakpoint.project.ReactSweeper.TitlePageTest" tests="2" failures="0" timestamp="02 May 2019 20:40:53 GMT" time="0.141" errors="0">
  <testcase name="titleEqualsReactSweeper" time="0.029" classname="breakpoint.project.ReactSweeper.TitlePageTest"/>
  <testcase name="testGamePageRoute" time="0.112" classname="breakpoint.project.ReactSweeper.TitlePageTest"/>
</testsuite> <!-- breakpoint.project.ReactSweeper.TitlePageTest -->
